-------------------------------------------------------------------------------
Test set: io.javabrains.ipldashboard.IplDashboardApplicationTests
-------------------------------------------------------------------------------
Tests run: 1, Failures: 0, Errors: 1, Skipped: 0, Time elapsed: 0.67 s <<< FAILURE! - in io.javabrains.ipldashboard.IplDashboardApplicationTests
io.javabrains.ipldashboard.IplDashboardApplicationTests  Time elapsed: 0.666 s  <<< ERROR!
java.lang.IllegalStateException: Unable to find a @SpringBootConfiguration, you need to use @ContextConfiguration or @SpringBootTest(classes=...) with your test

